2018-07-14 09:32:19.718 [main] INFO  org.springframework.web.context.ContextLoader - Root WebApplicationContext: initialization started
2018-07-14 09:32:19.785 [main] INFO  o.s.web.context.support.XmlWebApplicationContext - Refreshing Root WebApplicationContext: startup date [Sat Jul 14 09:32:19 CST 2018]; root of context hierarchy
2018-07-14 09:32:19.821 [main] INFO  o.s.beans.factory.xml.XmlBeanDefinitionReader - Loading XML bean definitions from URL [file:/Users/liweiwei/Project/StudyProject/springBase/target/classes/spring/spring-context.xml]
2018-07-14 09:32:20.168 [main] INFO  o.s.b.f.a.AutowiredAnnotationBeanPostProcessor - JSR-330 'javax.inject.Inject' annotation found and supported for autowiring
2018-07-14 09:32:20.313 [main] INFO  org.springframework.web.context.ContextLoader - Root WebApplicationContext: initialization completed in 590 ms
2018-07-14 09:32:20.431 [main] INFO  org.springframework.web.servlet.DispatcherServlet - FrameworkServlet 'springServlet': initialization started
2018-07-14 09:32:20.435 [main] INFO  o.s.web.context.support.XmlWebApplicationContext - Refreshing WebApplicationContext for namespace 'springServlet-servlet': startup date [Sat Jul 14 09:32:20 CST 2018]; parent: Root WebApplicationContext
2018-07-14 09:32:20.436 [main] INFO  o.s.beans.factory.xml.XmlBeanDefinitionReader - Loading XML bean definitions from URL [file:/Users/liweiwei/Project/StudyProject/springBase/target/classes/spring/spring-mvc.xml]
2018-07-14 09:32:20.544 [main] INFO  o.s.b.factory.support.DefaultListableBeanFactory - Overriding bean definition for bean 'org.springframework.web.servlet.mvc.method.annotation.RequestMappingHandlerMapping' with a different definition: replacing [Root bean: class [org.springframework.web.servlet.mvc.method.annotation.RequestMappingHandlerMapping]; scope=; abstract=false; lazyInit=false; autowireMode=0; dependencyCheck=0; autowireCandidate=true; primary=false; factoryBeanName=null; factoryMethodName=null; initMethodName=null; destroyMethodName=null] with [Root bean: class [org.springframework.web.servlet.mvc.method.annotation.RequestMappingHandlerMapping]; scope=; abstract=false; lazyInit=false; autowireMode=0; dependencyCheck=0; autowireCandidate=true; primary=false; factoryBeanName=null; factoryMethodName=null; initMethodName=null; destroyMethodName=null]
2018-07-14 09:32:20.546 [main] INFO  o.s.b.factory.support.DefaultListableBeanFactory - Overriding bean definition for bean 'org.springframework.web.servlet.mvc.method.annotation.RequestMappingHandlerAdapter' with a different definition: replacing [Root bean: class [org.springframework.web.servlet.mvc.method.annotation.RequestMappingHandlerAdapter]; scope=; abstract=false; lazyInit=false; autowireMode=0; dependencyCheck=0; autowireCandidate=true; primary=false; factoryBeanName=null; factoryMethodName=null; initMethodName=null; destroyMethodName=null] with [Root bean: class [org.springframework.web.servlet.mvc.method.annotation.RequestMappingHandlerAdapter]; scope=; abstract=false; lazyInit=false; autowireMode=0; dependencyCheck=0; autowireCandidate=true; primary=false; factoryBeanName=null; factoryMethodName=null; initMethodName=null; destroyMethodName=null]
2018-07-14 09:32:20.546 [main] INFO  o.s.b.factory.support.DefaultListableBeanFactory - Overriding bean definition for bean 'mvcUriComponentsContributor' with a different definition: replacing [Root bean: class [org.springframework.web.servlet.config.AnnotationDrivenBeanDefinitionParser$CompositeUriComponentsContributorFactoryBean]; scope=; abstract=false; lazyInit=false; autowireMode=0; dependencyCheck=0; autowireCandidate=true; primary=false; factoryBeanName=null; factoryMethodName=null; initMethodName=null; destroyMethodName=null] with [Root bean: class [org.springframework.web.servlet.config.AnnotationDrivenBeanDefinitionParser$CompositeUriComponentsContributorFactoryBean]; scope=; abstract=false; lazyInit=false; autowireMode=0; dependencyCheck=0; autowireCandidate=true; primary=false; factoryBeanName=null; factoryMethodName=null; initMethodName=null; destroyMethodName=null]
2018-07-14 09:32:20.586 [main] INFO  o.s.b.f.a.AutowiredAnnotationBeanPostProcessor - JSR-330 'javax.inject.Inject' annotation found and supported for autowiring
2018-07-14 09:32:20.824 [main] INFO  o.s.web.servlet.handler.SimpleUrlHandlerMapping - Mapped URL path [/js/**] onto handler 'org.springframework.web.servlet.resource.ResourceHttpRequestHandler#0'
2018-07-14 09:32:20.845 [main] INFO  o.s.web.servlet.handler.SimpleUrlHandlerMapping - Mapped URL path [/fonts/**] onto handler 'org.springframework.web.servlet.resource.ResourceHttpRequestHandler#1'
2018-07-14 09:32:20.847 [main] INFO  o.s.web.servlet.handler.SimpleUrlHandlerMapping - Mapped URL path [/css/**] onto handler 'org.springframework.web.servlet.resource.ResourceHttpRequestHandler#2'
2018-07-14 09:32:20.850 [main] INFO  o.s.web.servlet.handler.SimpleUrlHandlerMapping - Mapped URL path [/img/**] onto handler 'org.springframework.web.servlet.resource.ResourceHttpRequestHandler#3'
2018-07-14 09:32:20.904 [main] INFO  o.s.w.s.m.m.a.RequestMappingHandlerMapping - Mapped "{[/post]}" onto public java.lang.String com.lww.springbase.controller.HelloController.postTest(java.lang.String)
2018-07-14 09:32:20.905 [main] INFO  o.s.w.s.m.m.a.RequestMappingHandlerMapping - Mapped "{[/selectByName]}" onto public java.lang.String com.lww.springbase.controller.HelloController.selectByName(org.springframework.ui.ModelMap,javax.servlet.http.HttpServletRequest)
2018-07-14 09:32:20.986 [main] INFO  o.s.w.s.m.m.a.RequestMappingHandlerAdapter - Looking for @ControllerAdvice: WebApplicationContext for namespace 'springServlet-servlet': startup date [Sat Jul 14 09:32:20 CST 2018]; parent: Root WebApplicationContext
2018-07-14 09:32:21.038 [main] INFO  o.s.w.s.m.m.a.RequestMappingHandlerAdapter - Looking for @ControllerAdvice: WebApplicationContext for namespace 'springServlet-servlet': startup date [Sat Jul 14 09:32:20 CST 2018]; parent: Root WebApplicationContext
2018-07-14 09:32:21.087 [main] INFO  o.s.web.servlet.handler.SimpleUrlHandlerMapping - Mapped URL path [/**] onto handler 'org.springframework.web.servlet.resource.DefaultServletHttpRequestHandler#0'
2018-07-14 09:32:21.256 [main] INFO  org.springframework.web.servlet.DispatcherServlet - FrameworkServlet 'springServlet': initialization completed in 825 ms
2018-07-14 09:34:04.274 [main] INFO  org.springframework.web.context.ContextLoader - Root WebApplicationContext: initialization started
2018-07-14 09:34:04.330 [main] INFO  o.s.web.context.support.XmlWebApplicationContext - Refreshing Root WebApplicationContext: startup date [Sat Jul 14 09:34:04 CST 2018]; root of context hierarchy
2018-07-14 09:34:04.373 [main] INFO  o.s.beans.factory.xml.XmlBeanDefinitionReader - Loading XML bean definitions from URL [file:/Users/liweiwei/Project/StudyProject/springBase/target/classes/spring/spring-context.xml]
2018-07-14 09:34:04.740 [main] INFO  o.s.b.f.a.AutowiredAnnotationBeanPostProcessor - JSR-330 'javax.inject.Inject' annotation found and supported for autowiring
2018-07-14 09:34:04.901 [main] INFO  org.springframework.web.context.ContextLoader - Root WebApplicationContext: initialization completed in 624 ms
2018-07-14 09:34:05.015 [main] INFO  org.springframework.web.servlet.DispatcherServlet - FrameworkServlet 'springServlet': initialization started
2018-07-14 09:34:05.020 [main] INFO  o.s.web.context.support.XmlWebApplicationContext - Refreshing WebApplicationContext for namespace 'springServlet-servlet': startup date [Sat Jul 14 09:34:05 CST 2018]; parent: Root WebApplicationContext
2018-07-14 09:34:05.021 [main] INFO  o.s.beans.factory.xml.XmlBeanDefinitionReader - Loading XML bean definitions from URL [file:/Users/liweiwei/Project/StudyProject/springBase/target/classes/spring/spring-mvc.xml]
2018-07-14 09:34:05.120 [main] INFO  o.s.b.factory.support.DefaultListableBeanFactory - Overriding bean definition for bean 'org.springframework.web.servlet.mvc.method.annotation.RequestMappingHandlerMapping' with a different definition: replacing [Root bean: class [org.springframework.web.servlet.mvc.method.annotation.RequestMappingHandlerMapping]; scope=; abstract=false; lazyInit=false; autowireMode=0; dependencyCheck=0; autowireCandidate=true; primary=false; factoryBeanName=null; factoryMethodName=null; initMethodName=null; destroyMethodName=null] with [Root bean: class [org.springframework.web.servlet.mvc.method.annotation.RequestMappingHandlerMapping]; scope=; abstract=false; lazyInit=false; autowireMode=0; dependencyCheck=0; autowireCandidate=true; primary=false; factoryBeanName=null; factoryMethodName=null; initMethodName=null; destroyMethodName=null]
2018-07-14 09:34:05.121 [main] INFO  o.s.b.factory.support.DefaultListableBeanFactory - Overriding bean definition for bean 'org.springframework.web.servlet.mvc.method.annotation.RequestMappingHandlerAdapter' with a different definition: replacing [Root bean: class [org.springframework.web.servlet.mvc.method.annotation.RequestMappingHandlerAdapter]; scope=; abstract=false; lazyInit=false; autowireMode=0; dependencyCheck=0; autowireCandidate=true; primary=false; factoryBeanName=null; factoryMethodName=null; initMethodName=null; destroyMethodName=null] with [Root bean: class [org.springframework.web.servlet.mvc.method.annotation.RequestMappingHandlerAdapter]; scope=; abstract=false; lazyInit=false; autowireMode=0; dependencyCheck=0; autowireCandidate=true; primary=false; factoryBeanName=null; factoryMethodName=null; initMethodName=null; destroyMethodName=null]
2018-07-14 09:34:05.121 [main] INFO  o.s.b.factory.support.DefaultListableBeanFactory - Overriding bean definition for bean 'mvcUriComponentsContributor' with a different definition: replacing [Root bean: class [org.springframework.web.servlet.config.AnnotationDrivenBeanDefinitionParser$CompositeUriComponentsContributorFactoryBean]; scope=; abstract=false; lazyInit=false; autowireMode=0; dependencyCheck=0; autowireCandidate=true; primary=false; factoryBeanName=null; factoryMethodName=null; initMethodName=null; destroyMethodName=null] with [Root bean: class [org.springframework.web.servlet.config.AnnotationDrivenBeanDefinitionParser$CompositeUriComponentsContributorFactoryBean]; scope=; abstract=false; lazyInit=false; autowireMode=0; dependencyCheck=0; autowireCandidate=true; primary=false; factoryBeanName=null; factoryMethodName=null; initMethodName=null; destroyMethodName=null]
2018-07-14 09:34:05.181 [main] INFO  o.s.b.f.a.AutowiredAnnotationBeanPostProcessor - JSR-330 'javax.inject.Inject' annotation found and supported for autowiring
2018-07-14 09:34:05.471 [main] INFO  o.s.web.servlet.handler.SimpleUrlHandlerMapping - Mapped URL path [/js/**] onto handler 'org.springframework.web.servlet.resource.ResourceHttpRequestHandler#0'
2018-07-14 09:34:05.497 [main] INFO  o.s.web.servlet.handler.SimpleUrlHandlerMapping - Mapped URL path [/fonts/**] onto handler 'org.springframework.web.servlet.resource.ResourceHttpRequestHandler#1'
2018-07-14 09:34:05.501 [main] INFO  o.s.web.servlet.handler.SimpleUrlHandlerMapping - Mapped URL path [/css/**] onto handler 'org.springframework.web.servlet.resource.ResourceHttpRequestHandler#2'
2018-07-14 09:34:05.504 [main] INFO  o.s.web.servlet.handler.SimpleUrlHandlerMapping - Mapped URL path [/img/**] onto handler 'org.springframework.web.servlet.resource.ResourceHttpRequestHandler#3'
2018-07-14 09:34:05.576 [main] INFO  o.s.w.s.m.m.a.RequestMappingHandlerMapping - Mapped "{[/post]}" onto public java.lang.String com.lww.springbase.controller.HelloController.postTest(java.lang.String)
2018-07-14 09:34:05.577 [main] INFO  o.s.w.s.m.m.a.RequestMappingHandlerMapping - Mapped "{[/selectByName]}" onto public java.lang.String com.lww.springbase.controller.HelloController.selectByName(org.springframework.ui.ModelMap,javax.servlet.http.HttpServletRequest)
2018-07-14 09:34:05.866 [main] INFO  o.s.w.s.m.m.a.RequestMappingHandlerAdapter - Looking for @ControllerAdvice: WebApplicationContext for namespace 'springServlet-servlet': startup date [Sat Jul 14 09:34:05 CST 2018]; parent: Root WebApplicationContext
2018-07-14 09:34:05.910 [main] INFO  o.s.w.s.m.m.a.RequestMappingHandlerAdapter - Looking for @ControllerAdvice: WebApplicationContext for namespace 'springServlet-servlet': startup date [Sat Jul 14 09:34:05 CST 2018]; parent: Root WebApplicationContext
2018-07-14 09:34:05.948 [main] INFO  o.s.web.servlet.handler.SimpleUrlHandlerMapping - Mapped URL path [/**] onto handler 'org.springframework.web.servlet.resource.DefaultServletHttpRequestHandler#0'
2018-07-14 09:34:06.057 [main] INFO  org.springframework.web.servlet.DispatcherServlet - FrameworkServlet 'springServlet': initialization completed in 1041 ms
2018-07-14 11:00:21.070 [main] INFO  org.springframework.web.context.ContextLoader - Root WebApplicationContext: initialization started
2018-07-14 11:00:21.138 [main] INFO  o.s.web.context.support.XmlWebApplicationContext - Refreshing Root WebApplicationContext: startup date [Sat Jul 14 11:00:21 CST 2018]; root of context hierarchy
2018-07-14 11:00:21.173 [main] INFO  o.s.beans.factory.xml.XmlBeanDefinitionReader - Loading XML bean definitions from URL [file:/Users/liweiwei/Project/StudyProject/springBase/target/classes/spring/spring-context.xml]
2018-07-14 11:00:21.468 [main] INFO  o.s.b.f.a.AutowiredAnnotationBeanPostProcessor - JSR-330 'javax.inject.Inject' annotation found and supported for autowiring
2018-07-14 11:00:21.645 [main] INFO  org.springframework.web.context.ContextLoader - Root WebApplicationContext: initialization completed in 571 ms
2018-07-14 11:00:21.778 [main] INFO  org.springframework.web.servlet.DispatcherServlet - FrameworkServlet 'springServlet': initialization started
2018-07-14 11:00:21.783 [main] INFO  o.s.web.context.support.XmlWebApplicationContext - Refreshing WebApplicationContext for namespace 'springServlet-servlet': startup date [Sat Jul 14 11:00:21 CST 2018]; parent: Root WebApplicationContext
2018-07-14 11:00:21.783 [main] INFO  o.s.beans.factory.xml.XmlBeanDefinitionReader - Loading XML bean definitions from URL [file:/Users/liweiwei/Project/StudyProject/springBase/target/classes/spring/spring-mvc.xml]
2018-07-14 11:00:21.871 [main] INFO  o.s.b.factory.support.DefaultListableBeanFactory - Overriding bean definition for bean 'org.springframework.web.servlet.mvc.method.annotation.RequestMappingHandlerMapping' with a different definition: replacing [Root bean: class [org.springframework.web.servlet.mvc.method.annotation.RequestMappingHandlerMapping]; scope=; abstract=false; lazyInit=false; autowireMode=0; dependencyCheck=0; autowireCandidate=true; primary=false; factoryBeanName=null; factoryMethodName=null; initMethodName=null; destroyMethodName=null] with [Root bean: class [org.springframework.web.servlet.mvc.method.annotation.RequestMappingHandlerMapping]; scope=; abstract=false; lazyInit=false; autowireMode=0; dependencyCheck=0; autowireCandidate=true; primary=false; factoryBeanName=null; factoryMethodName=null; initMethodName=null; destroyMethodName=null]
2018-07-14 11:00:21.871 [main] INFO  o.s.b.factory.support.DefaultListableBeanFactory - Overriding bean definition for bean 'org.springframework.web.servlet.mvc.method.annotation.RequestMappingHandlerAdapter' with a different definition: replacing [Root bean: class [org.springframework.web.servlet.mvc.method.annotation.RequestMappingHandlerAdapter]; scope=; abstract=false; lazyInit=false; autowireMode=0; dependencyCheck=0; autowireCandidate=true; primary=false; factoryBeanName=null; factoryMethodName=null; initMethodName=null; destroyMethodName=null] with [Root bean: class [org.springframework.web.servlet.mvc.method.annotation.RequestMappingHandlerAdapter]; scope=; abstract=false; lazyInit=false; autowireMode=0; dependencyCheck=0; autowireCandidate=true; primary=false; factoryBeanName=null; factoryMethodName=null; initMethodName=null; destroyMethodName=null]
2018-07-14 11:00:21.872 [main] INFO  o.s.b.factory.support.DefaultListableBeanFactory - Overriding bean definition for bean 'mvcUriComponentsContributor' with a different definition: replacing [Root bean: class [org.springframework.web.servlet.config.AnnotationDrivenBeanDefinitionParser$CompositeUriComponentsContributorFactoryBean]; scope=; abstract=false; lazyInit=false; autowireMode=0; dependencyCheck=0; autowireCandidate=true; primary=false; factoryBeanName=null; factoryMethodName=null; initMethodName=null; destroyMethodName=null] with [Root bean: class [org.springframework.web.servlet.config.AnnotationDrivenBeanDefinitionParser$CompositeUriComponentsContributorFactoryBean]; scope=; abstract=false; lazyInit=false; autowireMode=0; dependencyCheck=0; autowireCandidate=true; primary=false; factoryBeanName=null; factoryMethodName=null; initMethodName=null; destroyMethodName=null]
2018-07-14 11:00:21.908 [main] INFO  o.s.b.f.a.AutowiredAnnotationBeanPostProcessor - JSR-330 'javax.inject.Inject' annotation found and supported for autowiring
2018-07-14 11:00:22.143 [main] INFO  o.s.web.servlet.handler.SimpleUrlHandlerMapping - Mapped URL path [/js/**] onto handler 'org.springframework.web.servlet.resource.ResourceHttpRequestHandler#0'
2018-07-14 11:00:22.167 [main] INFO  o.s.web.servlet.handler.SimpleUrlHandlerMapping - Mapped URL path [/fonts/**] onto handler 'org.springframework.web.servlet.resource.ResourceHttpRequestHandler#1'
2018-07-14 11:00:22.169 [main] INFO  o.s.web.servlet.handler.SimpleUrlHandlerMapping - Mapped URL path [/css/**] onto handler 'org.springframework.web.servlet.resource.ResourceHttpRequestHandler#2'
2018-07-14 11:00:22.172 [main] INFO  o.s.web.servlet.handler.SimpleUrlHandlerMapping - Mapped URL path [/img/**] onto handler 'org.springframework.web.servlet.resource.ResourceHttpRequestHandler#3'
2018-07-14 11:00:22.272 [main] INFO  o.s.w.s.m.m.a.RequestMappingHandlerMapping - Mapped "{[/post]}" onto public java.lang.String com.lww.springbase.controller.HelloController.postTest(java.lang.String)
2018-07-14 11:00:22.273 [main] INFO  o.s.w.s.m.m.a.RequestMappingHandlerMapping - Mapped "{[/selectByName]}" onto public java.lang.String com.lww.springbase.controller.HelloController.selectByName(org.springframework.ui.ModelMap,javax.servlet.http.HttpServletRequest)
2018-07-14 11:00:22.465 [main] INFO  o.s.w.s.m.m.a.RequestMappingHandlerAdapter - Looking for @ControllerAdvice: WebApplicationContext for namespace 'springServlet-servlet': startup date [Sat Jul 14 11:00:21 CST 2018]; parent: Root WebApplicationContext
2018-07-14 11:00:22.512 [main] INFO  o.s.w.s.m.m.a.RequestMappingHandlerAdapter - Looking for @ControllerAdvice: WebApplicationContext for namespace 'springServlet-servlet': startup date [Sat Jul 14 11:00:21 CST 2018]; parent: Root WebApplicationContext
2018-07-14 11:00:22.558 [main] INFO  o.s.web.servlet.handler.SimpleUrlHandlerMapping - Mapped URL path [/**] onto handler 'org.springframework.web.servlet.resource.DefaultServletHttpRequestHandler#0'
2018-07-14 11:00:22.683 [main] INFO  org.springframework.web.servlet.DispatcherServlet - FrameworkServlet 'springServlet': initialization completed in 905 ms
